.
в”њв”Ђв”Ђ logs
в”‚В В  в”њв”Ђв”Ђ app.log
в”‚В В  в””в”Ђв”Ђ error.log
в”њв”Ђв”Ђ package.json
в”њв”Ђв”Ђ package-lock.json
в”њв”Ђв”Ђ server.js
в”њв”Ђв”Ђ src
в”‚В В  в”њв”Ђв”Ђ app.js
в”‚В В  в”њв”Ђв”Ђ config
в”‚В В  в”‚В В  в”њв”Ђв”Ђ database
в”‚В В  в”‚В В  в”‚В В  в”њв”Ђв”Ђ database.provider.js
в”‚В В  в”‚В В  в”‚В В  в”њв”Ђв”Ђ index.js
в”‚В В  в”‚В В  в”‚В В  в””в”Ђв”Ђ mongodb.connection.js
в”‚В В  в”‚В В  в”њв”Ђв”Ђ env.config.js
в”‚В В  в”‚В В  в””в”Ђв”Ђ logger.js
в”‚В В  в”њв”Ђв”Ђ errors
в”‚В В  в”‚В В  в”њв”Ђв”Ђ app-error.js
в”‚В В  в”‚В В  в”њв”Ђв”Ђ bad-request.error.js
в”‚В В  в”‚В В  в”њв”Ђв”Ђ conflict-error.js
в”‚В В  в”‚В В  в”њв”Ђв”Ђ forbidden-error.js
в”‚В В  в”‚В В  в”њв”Ђв”Ђ not-found.error.js
в”‚В В  в”‚В В  в”њв”Ђв”Ђ unauthorized-error.js
в”‚В В  в”‚В В  в””в”Ђв”Ђ validaton-error.js
в”‚В В  в”њв”Ђв”Ђ features
в”‚В В  в”‚В В  в”њв”Ђв”Ђ cartItems
в”‚В В  в”‚В В  в”‚В В  в”њв”Ђв”Ђ controllers
в”‚В В  в”‚В В  в”‚В В  в”‚В В  в””в”Ђв”Ђ cartItems.controller.js
в”‚В В  в”‚В В  в”‚В В  в”њв”Ђв”Ђ middlewares
в”‚В В  в”‚В В  в”‚В В  в”‚В В  в””в”Ђв”Ђ cartItem.validation.middleware.js
в”‚В В  в”‚В В  в”‚В В  в”њв”Ђв”Ђ model
в”‚В В  в”‚В В  в”‚В В  в”‚В В  в””в”Ђв”Ђ cartItems.model.js
в”‚В В  в”‚В В  в”‚В В  в”њв”Ђв”Ђ repositories
в”‚В В  в”‚В В  в”‚В В  в”‚В В  в””в”Ђв”Ђ cartItems.repository.js
в”‚В В  в”‚В В  в”‚В В  в””в”Ђв”Ђ routes
в”‚В В  в”‚В В  в”‚В В      в””в”Ђв”Ђ cartItems.routes.js
в”‚В В  в”‚В В  в”њв”Ђв”Ђ order
в”‚В В  в”‚В В  в”њв”Ђв”Ђ product
в”‚В В  в”‚В В  в”‚В В  в”њв”Ђв”Ђ controllers
в”‚В В  в”‚В В  в”‚В В  в”‚В В  в””в”Ђв”Ђ product.controller.js
в”‚В В  в”‚В В  в”‚В В  в”њв”Ђв”Ђ middlewares
в”‚В В  в”‚В В  в”‚В В  в”‚В В  в””в”Ђв”Ђ product.validation.middleware.js
в”‚В В  в”‚В В  в”‚В В  в”њв”Ђв”Ђ models
в”‚В В  в”‚В В  в”‚В В  в”‚В В  в””в”Ђв”Ђ product.model.js
в”‚В В  в”‚В В  в”‚В В  в”њв”Ђв”Ђ repositories
в”‚В В  в”‚В В  в”‚В В  в”‚В В  в””в”Ђв”Ђ product.repository.js
в”‚В В  в”‚В В  в”‚В В  в””в”Ђв”Ђ routes
в”‚В В  в”‚В В  в”‚В В      в””в”Ђв”Ђ product.routes.js
в”‚В В  в”‚В В  в””в”Ђв”Ђ user
в”‚В В  в”‚В В      в”њв”Ђв”Ђ controllers
в”‚В В  в”‚В В      в”‚В В  в””в”Ђв”Ђ user.controller.js
в”‚В В  в”‚В В      в”њв”Ђв”Ђ models
в”‚В В  в”‚В В      в”‚В В  в””в”Ђв”Ђ user.model.js
в”‚В В  в”‚В В      в”њв”Ђв”Ђ repositories
в”‚В В  в”‚В В      в”‚В В  в””в”Ђв”Ђ user.repository.js
в”‚В В  в”‚В В      в”њв”Ђв”Ђ routes
в”‚В В  в”‚В В      в”‚В В  в””в”Ђв”Ђ user.routes.js
в”‚В В  в”‚В В      в”њв”Ђв”Ђ services
в”‚В В  в”‚В В      в”‚В В  в””в”Ђв”Ђ user.service.js
в”‚В В  в”‚В В      в””в”Ђв”Ђ validators
в”‚В В  в”‚В В          в””в”Ђв”Ђ user.validator.js
в”‚В В  в”њв”Ђв”Ђ middlewares
в”‚В В  в”‚В В  в”њв”Ђв”Ђ async-handler.middleware.js
в”‚В В  в”‚В В  в”њв”Ђв”Ђ basic.auth.middleware.js
в”‚В В  в”‚В В  в”њв”Ђв”Ђ error.middleware.js
в”‚В В  в”‚В В  в”њв”Ђв”Ђ fileUpload.middleware.js
в”‚В В  в”‚В В  в”њв”Ђв”Ђ jwt.middleware.js
в”‚В В  в”‚В В  в”њв”Ђв”Ђ logger.middleware.js
в”‚В В  в”‚В В  в””в”Ђв”Ђ validation.middleware.js
в”‚В В  в””в”Ђв”Ђ utils
в”‚В В      в””в”Ђв”Ђ id-generator.js
в”њв”Ђв”Ђ struct.log
в”њв”Ђв”Ђ swagger.json
в”њв”Ђв”Ђ tests
в”‚В В  в”њв”Ђв”Ђ integration
в”‚В В  в”‚В В  в”њв”Ђв”Ђ cart.test.js
в”‚В В  в”‚В В  в”њв”Ђв”Ђ product.test.js
в”‚В В  в”‚В В  в””в”Ђв”Ђ user.test.js
в”‚В В  в”њв”Ђв”Ђ setup
в”‚В В  в”‚В В  в”њв”Ђв”Ђ setup.js
в”‚В В  в”‚В В  в””в”Ђв”Ђ teardown.js
в”‚В В  в””в”Ђв”Ђ util
в”‚В В      в”њв”Ђв”Ђ controllers
в”‚В В      в”њв”Ђв”Ђ repositories
в”‚В В      в””в”Ђв”Ђ services
в””в”Ђв”Ђ uploads
    в”њв”Ђв”Ђ 3247df4c681f0959e39402c7a15dfb42
    в”њв”Ђв”Ђ 7074946c3989b46ef3005168d7656c9e
    в””в”Ђв”Ђ ea1434ea29338381f58f57868f83309e

37 directories, 52 files
.
в”њв”Ђв”Ђ logs
в”‚В В  в”њв”Ђв”Ђ app.log
в”‚В В  в””в”Ђв”Ђ error.log
в”њв”Ђв”Ђ package.json
в”њв”Ђв”Ђ package-lock.json
в”њв”Ђв”Ђ server.js
в”њв”Ђв”Ђ src
в”‚В В  в”њв”Ђв”Ђ app.js
в”‚В В  в”њв”Ђв”Ђ config
в”‚В В  в”‚В В  в”њв”Ђв”Ђ database
в”‚В В  в”‚В В  в”‚В В  в”њв”Ђв”Ђ database.provider.js
в”‚В В  в”‚В В  в”‚В В  в”њв”Ђв”Ђ index.js
в”‚В В  в”‚В В  в”‚В В  в””в”Ђв”Ђ mongodb.connection.js
в”‚В В  в”‚В В  в”њв”Ђв”Ђ env.config.js
в”‚В В  в”‚В В  в””в”Ђв”Ђ logger.js
в”‚В В  в”њв”Ђв”Ђ errors
в”‚В В  в”‚В В  в”њв”Ђв”Ђ app-error.js
в”‚В В  в”‚В В  в”њв”Ђв”Ђ bad-request.error.js
в”‚В В  в”‚В В  в”њв”Ђв”Ђ conflict-error.js
в”‚В В  в”‚В В  в”њв”Ђв”Ђ forbidden-error.js
в”‚В В  в”‚В В  в”њв”Ђв”Ђ not-found.error.js
в”‚В В  в”‚В В  в”њв”Ђв”Ђ unauthorized-error.js
в”‚В В  в”‚В В  в””в”Ђв”Ђ validaton-error.js
в”‚В В  в”њв”Ђв”Ђ features
в”‚В В  в”‚В В  в”њв”Ђв”Ђ cartItems
в”‚В В  в”‚В В  в”‚В В  в”њв”Ђв”Ђ controllers
в”‚В В  в”‚В В  в”‚В В  в”‚В В  в””в”Ђв”Ђ cartItems.controller.js
в”‚В В  в”‚В В  в”‚В В  в”њв”Ђв”Ђ middlewares
в”‚В В  в”‚В В  в”‚В В  в”‚В В  в””в”Ђв”Ђ cartItem.validation.middleware.js
в”‚В В  в”‚В В  в”‚В В  в”њв”Ђв”Ђ model
в”‚В В  в”‚В В  в”‚В В  в”‚В В  в””в”Ђв”Ђ cartItems.model.js
в”‚В В  в”‚В В  в”‚В В  в”њв”Ђв”Ђ repositories
в”‚В В  в”‚В В  в”‚В В  в”‚В В  в””в”Ђв”Ђ cartItems.repository.js
в”‚В В  в”‚В В  в”‚В В  в””в”Ђв”Ђ routes
в”‚В В  в”‚В В  в”‚В В      в””в”Ђв”Ђ cartItems.routes.js
в”‚В В  в”‚В В  в”њв”Ђв”Ђ order
в”‚В В  в”‚В В  в”њв”Ђв”Ђ product
в”‚В В  в”‚В В  в”‚В В  в”њв”Ђв”Ђ controllers
в”‚В В  в”‚В В  в”‚В В  в”‚В В  в””в”Ђв”Ђ product.controller.js
в”‚В В  в”‚В В  в”‚В В  в”њв”Ђв”Ђ middlewares
в”‚В В  в”‚В В  в”‚В В  в”‚В В  в””в”Ђв”Ђ product.validation.middleware.js
в”‚В В  в”‚В В  в”‚В В  в”њв”Ђв”Ђ models
в”‚В В  в”‚В В  в”‚В В  в”‚В В  в””в”Ђв”Ђ product.model.js
в”‚В В  в”‚В В  в”‚В В  в”њв”Ђв”Ђ repositories
в”‚В В  в”‚В В  в”‚В В  в”‚В В  в””в”Ђв”Ђ product.repository.js
в”‚В В  в”‚В В  в”‚В В  в””в”Ђв”Ђ routes
в”‚В В  в”‚В В  в”‚В В      в””в”Ђв”Ђ product.routes.js
в”‚В В  в”‚В В  в””в”Ђв”Ђ user
в”‚В В  в”‚В В      в”њв”Ђв”Ђ controllers
в”‚В В  в”‚В В      в”‚В В  в””в”Ђв”Ђ user.controller.js
в”‚В В  в”‚В В      в”њв”Ђв”Ђ models
в”‚В В  в”‚В В      в”‚В В  в””в”Ђв”Ђ user.model.js
в”‚В В  в”‚В В      в”њв”Ђв”Ђ repositories
в”‚В В  в”‚В В      в”‚В В  в””в”Ђв”Ђ user.repository.js
в”‚В В  в”‚В В      в”њв”Ђв”Ђ routes
в”‚В В  в”‚В В      в”‚В В  в””в”Ђв”Ђ user.routes.js
в”‚В В  в”‚В В      в”њв”Ђв”Ђ services
в”‚В В  в”‚В В      в”‚В В  в””в”Ђв”Ђ user.service.js
в”‚В В  в”‚В В      в””в”Ђв”Ђ validators
в”‚В В  в”‚В В          в””в”Ђв”Ђ user.validator.js
в”‚В В  в”њв”Ђв”Ђ middlewares
в”‚В В  в”‚В В  в”њв”Ђв”Ђ async-handler.middleware.js
в”‚В В  в”‚В В  в”њв”Ђв”Ђ basic.auth.middleware.js
в”‚В В  в”‚В В  в”њв”Ђв”Ђ error.middleware.js
в”‚В В  в”‚В В  в”њв”Ђв”Ђ fileUpload.middleware.js
в”‚В В  в”‚В В  в”њв”Ђв”Ђ jwt.middleware.js
в”‚В В  в”‚В В  в”њв”Ђв”Ђ logger.middleware.js
в”‚В В  в”‚В В  в””в”Ђв”Ђ validation.middleware.js
в”‚В В  в””в”Ђв”Ђ utils
в”‚В В      в””в”Ђв”Ђ id-generator.js
в”њв”Ђв”Ђ struct.log
в”њв”Ђв”Ђ swagger.json
в”њв”Ђв”Ђ tests
в”‚В В  в”њв”Ђв”Ђ config
в”‚В В  в”‚В В  в”њв”Ђв”Ђ setup.js
в”‚В В  в”‚В В  в””в”Ђв”Ђ teardown.js
в”‚В В  в”њв”Ђв”Ђ fixtures
в”‚В В  в”њв”Ђв”Ђ integration
в”‚В В  в”‚В В  в”њв”Ђв”Ђ cart.test.js
в”‚В В  в”‚В В  в”њв”Ђв”Ђ product.test.js
в”‚В В  в”‚В В  в””в”Ђв”Ђ user.test.js
в”‚В В  в””в”Ђв”Ђ unit
в”‚В В      в”њв”Ђв”Ђ controllers
в”‚В В      в”њв”Ђв”Ђ repositories
в”‚В В      в””в”Ђв”Ђ services
в””в”Ђв”Ђ uploads
    в”њв”Ђв”Ђ 3247df4c681f0959e39402c7a15dfb42
    в”њв”Ђв”Ђ 7074946c3989b46ef3005168d7656c9e
    в””в”Ђв”Ђ ea1434ea29338381f58f57868f83309e

38 directories, 52 files
